# packages in environment at /scratch2/NCEPDEV/stmp3/Neil.Barton/TOOLS/miniconda3:
#
# Name                    Version                   Build  Channel
_libgcc_mutex             0.1                 conda_forge    conda-forge
_openmp_mutex             4.5                       2_gnu    conda-forge
abseil-cpp                20211102.0           h27087fc_1    conda-forge
arrow-cpp                 8.0.0           py310h3098874_1  
asttokens                 2.2.1              pyhd8ed1ab_0    conda-forge
aws-c-common              0.6.8                h7f98852_0    conda-forge
aws-c-event-stream        0.1.6                h6a678d5_6  
aws-checksums             0.1.11              ha492f5f_12    conda-forge
aws-sdk-cpp               1.8.185              h721c034_1  
backcall                  0.2.0              pyh9f0ad1d_0    conda-forge
backports                 1.0                pyhd8ed1ab_3    conda-forge
backports.functools_lru_cache 1.6.5              pyhd8ed1ab_0    conda-forge
blosc                     1.21.4               h0f2a231_0    conda-forge
bokeh                     3.2.0              pyhd8ed1ab_0    conda-forge
boltons                   23.0.0             pyhd8ed1ab_0    conda-forge
boost-cpp                 1.82.0               he19a28c_1    conda-forge
bottleneck                1.3.7           py310h0a54255_0    conda-forge
brotli                    1.0.9                h166bdaf_9    conda-forge
brotli-bin                1.0.9                h166bdaf_9    conda-forge
brotli-python             1.0.9           py310hd8f1fbe_9    conda-forge
bzip2                     1.0.8                h7f98852_4    conda-forge
c-ares                    1.19.1               hd590300_0    conda-forge
ca-certificates           2023.7.22            hbcca054_0    conda-forge
cartopy                   0.21.1          py310h1176785_0  
certifi                   2023.7.22          pyhd8ed1ab_0    conda-forge
cffi                      1.15.1          py310h255011f_3    conda-forge
cftime                    1.6.2           py310hde88566_1    conda-forge
charset-normalizer        3.1.0              pyhd8ed1ab_0    conda-forge
click                     8.1.3           unix_pyhd8ed1ab_2    conda-forge
cloudpickle               2.2.1              pyhd8ed1ab_0    conda-forge
colorama                  0.4.6              pyhd8ed1ab_0    conda-forge
conda                     23.7.2          py310hff52083_0    conda-forge
conda-content-trust       0.1.1              pyhd3eb1b0_0  
conda-package-handling    2.0.2              pyh38be061_0    conda-forge
conda-package-streaming   0.8.0              pyhd8ed1ab_0    conda-forge
contourpy                 1.1.0           py310hd41b1e2_0    conda-forge
cryptography              41.0.1          py310h75e40e8_0    conda-forge
curl                      8.1.2                h409715c_0    conda-forge
cycler                    0.11.0             pyhd8ed1ab_0    conda-forge
cytoolz                   0.12.0          py310h5764c6d_1    conda-forge
dask                      2023.6.1           pyhd8ed1ab_0    conda-forge
dask-core                 2023.6.1           pyhd8ed1ab_0    conda-forge
decorator                 5.1.1              pyhd8ed1ab_0    conda-forge
distributed               2023.6.1           pyhd8ed1ab_0    conda-forge
esmf                      8.3.1           mpi_mpich_h5a1934d_101    conda-forge
esmpy                     8.3.1           mpi_mpich_py310h515c5ea_100    conda-forge
executing                 1.2.0              pyhd8ed1ab_0    conda-forge
fonttools                 4.40.0          py310h2372a71_0    conda-forge
freetype                  2.12.1               hca18f0e_1    conda-forge
fsspec                    2023.6.0           pyh1a96a4e_0    conda-forge
geos                      3.8.0                he1b5a44_1    conda-forge
gflags                    2.2.2             he1b5a44_1004    conda-forge
glog                      0.6.0                h6f12383_0    conda-forge
grpc-cpp                  1.46.3               h0b91f02_1    conda-forge
hdf4                      4.2.15               h9772cbc_5    conda-forge
hdf5                      1.12.2          mpi_mpich_h5d83325_1    conda-forge
icu                       72.1                 hcb278e6_0    conda-forge
idna                      3.4                pyhd8ed1ab_0    conda-forge
importlib-metadata        6.7.0              pyha770c72_0    conda-forge
importlib_metadata        6.7.0                hd8ed1ab_0    conda-forge
ipython                   8.12.0          py310h06a4308_0  
jedi                      0.18.2             pyhd8ed1ab_0    conda-forge
jinja2                    3.1.2              pyhd8ed1ab_1    conda-forge
jpeg                      9e                   h0b41bf4_3    conda-forge
jsonpatch                 1.32               pyhd8ed1ab_0    conda-forge
jsonpointer               2.0                        py_0    conda-forge
keyutils                  1.6.1                h166bdaf_0    conda-forge
kiwisolver                1.4.4           py310hbf28c38_1    conda-forge
krb5                      1.20.1               h81ceb04_0    conda-forge
lcms2                     2.15                 hfd0df8a_0    conda-forge
ld_impl_linux-64          2.40                 h41732ed_0    conda-forge
lerc                      4.0.0                h27087fc_0    conda-forge
libaec                    1.0.6                hcb278e6_1    conda-forge
libblas                   3.9.0           17_linux64_openblas    conda-forge
libbrotlicommon           1.0.9                h166bdaf_9    conda-forge
libbrotlidec              1.0.9                h166bdaf_9    conda-forge
libbrotlienc              1.0.9                h166bdaf_9    conda-forge
libcblas                  3.9.0           17_linux64_openblas    conda-forge
libcurl                   8.1.2                h409715c_0    conda-forge
libdeflate                1.17                 h0b41bf4_0    conda-forge
libedit                   3.1.20191231         he28a2e2_2    conda-forge
libev                     4.33                 h516909a_1    conda-forge
libevent                  2.1.10               h28343ad_4    conda-forge
libffi                    3.4.2                h7f98852_5    conda-forge
libgcc-ng                 13.1.0               he5830b7_0    conda-forge
libgfortran-ng            13.1.0               h69a702a_0    conda-forge
libgfortran5              13.1.0               h15d22d2_0    conda-forge
libgomp                   13.1.0               he5830b7_0    conda-forge
libiconv                  1.17                 h166bdaf_0    conda-forge
liblapack                 3.9.0           17_linux64_openblas    conda-forge
libnetcdf                 4.8.1           mpi_mpich_h06c54e2_4    conda-forge
libnghttp2                1.52.0               h61bc06f_0    conda-forge
libnsl                    2.0.0                h7f98852_0    conda-forge
libopenblas               0.3.23          pthreads_h80387f5_0    conda-forge
libpng                    1.6.39               h753d276_0    conda-forge
libprotobuf               3.20.3               h3eb15da_0    conda-forge
libsqlite                 3.42.0               h2797004_0    conda-forge
libssh2                   1.11.0               h0841786_0    conda-forge
libstdcxx-ng              13.1.0               hfd8a6a1_0    conda-forge
libthrift                 0.15.0               h362ad58_1    conda-forge
libtiff                   4.5.0                h6adf6a1_2    conda-forge
libuuid                   2.38.1               h0b41bf4_0    conda-forge
libwebp-base              1.3.1                hd590300_0    conda-forge
libxcb                    1.13              h7f98852_1004    conda-forge
libxml2                   2.11.4               h0d562d8_0    conda-forge
libzip                    1.9.2                hc929e4a_1    conda-forge
libzlib                   1.2.13               hd590300_5    conda-forge
locket                    1.0.0              pyhd8ed1ab_0    conda-forge
lz4                       4.3.2           py310h0cfdcf0_0    conda-forge
lz4-c                     1.9.4                hcb278e6_0    conda-forge
markupsafe                2.1.3           py310h2372a71_0    conda-forge
matplotlib-base           3.7.1           py310he60537e_0    conda-forge
matplotlib-inline         0.1.6              pyhd8ed1ab_0    conda-forge
mpi                       1.0                       mpich    conda-forge
mpi4py                    3.1.4           py310h37cc914_0    conda-forge
mpich                     4.0.3              h846660c_100    conda-forge
msgpack-python            1.0.5           py310hdf3cbec_0    conda-forge
munkres                   1.1.4              pyh9f0ad1d_0    conda-forge
ncurses                   6.4                  hcb278e6_0    conda-forge
netcdf-fortran            4.6.0           mpi_mpich_h1e13492_2    conda-forge
netcdf4                   1.6.2           nompi_py310h55e1e36_100    conda-forge
nomkl                     1.0                  h5ca1d4c_0    conda-forge
numexpr                   2.8.4           py310h690d005_100    conda-forge
numpy                     1.25.0          py310ha4c1d20_0    conda-forge
openjpeg                  2.5.0                hfec8fc6_2    conda-forge
openssl                   3.1.2                hd590300_0    conda-forge
orc                       1.7.4                h6c59b99_1    conda-forge
packaging                 23.1               pyhd8ed1ab_0    conda-forge
pandas                    1.5.3           py310h1128e8f_0  
parallelio                2.5.9           mpi_mpich_h50e6f33_101    conda-forge
parso                     0.8.3              pyhd8ed1ab_0    conda-forge
partd                     1.4.0              pyhd8ed1ab_0    conda-forge
pexpect                   4.8.0              pyh1a96a4e_2    conda-forge
pickleshare               0.7.5                   py_1003    conda-forge
pillow                    9.4.0           py310h023d228_1    conda-forge
pip                       23.0.1          py310h06a4308_0  
pluggy                    1.2.0              pyhd8ed1ab_0    conda-forge
prettytable               3.7.0              pyhd8ed1ab_0    conda-forge
proj                      9.2.1                ha643af7_0    conda-forge
prompt-toolkit            3.0.38             pyha770c72_0    conda-forge
psutil                    5.9.5           py310h1fa729e_0    conda-forge
pthread-stubs             0.4               h36c2ea0_1001    conda-forge
ptyprocess                0.7.0              pyhd3deb0d_0    conda-forge
pure_eval                 0.2.2              pyhd8ed1ab_0    conda-forge
pyarrow                   8.0.0           py310h468efa6_0  
pycosat                   0.6.4           py310h5764c6d_1    conda-forge
pycparser                 2.21               pyhd8ed1ab_0    conda-forge
pygments                  2.15.1             pyhd8ed1ab_0    conda-forge
pyopenssl                 23.2.0             pyhd8ed1ab_1    conda-forge
pyparsing                 3.1.0              pyhd8ed1ab_0    conda-forge
pyproj                    3.6.0           py310h24ef57a_1    conda-forge
pyshp                     2.3.1              pyhd8ed1ab_0    conda-forge
pysocks                   1.7.1              pyha2e5f31_6    conda-forge
python                    3.10.12         hd12c33a_0_cpython    conda-forge
python-dateutil           2.8.2              pyhd8ed1ab_0    conda-forge
python_abi                3.10                    3_cp310    conda-forge
pytz                      2023.3             pyhd8ed1ab_0    conda-forge
pyyaml                    6.0             py310h5764c6d_5    conda-forge
re2                       2022.04.01           h27087fc_0    conda-forge
readline                  8.2                  h8228510_1    conda-forge
requests                  2.31.0             pyhd8ed1ab_0    conda-forge
ruamel.yaml               0.17.32         py310h2372a71_0    conda-forge
ruamel.yaml.clib          0.2.7           py310h1fa729e_1    conda-forge
scipy                     1.8.1           py310h7612f91_0    conda-forge
setuptools                65.6.3          py310h06a4308_0  
shapely                   2.0.1           py310h006c72b_0  
six                       1.16.0             pyh6c4a22f_0    conda-forge
snappy                    1.1.10               h9fff704_0    conda-forge
sortedcontainers          2.4.0              pyhd8ed1ab_0    conda-forge
sqlite                    3.42.0               h2c6b66d_0    conda-forge
stack_data                0.6.2              pyhd8ed1ab_0    conda-forge
tblib                     1.7.0              pyhd8ed1ab_0    conda-forge
tk                        8.6.12               h27826a3_0    conda-forge
toolz                     0.12.0             pyhd8ed1ab_0    conda-forge
tornado                   6.3.2           py310h2372a71_0    conda-forge
tqdm                      4.65.0             pyhd8ed1ab_1    conda-forge
traitlets                 5.9.0              pyhd8ed1ab_0    conda-forge
tzdata                    2023c                h71feb2d_0    conda-forge
unicodedata2              15.0.0          py310h5764c6d_0    conda-forge
urllib3                   2.0.3              pyhd8ed1ab_1    conda-forge
utf8proc                  2.6.1                h27cfd23_0  
wcwidth                   0.2.6              pyhd8ed1ab_0    conda-forge
wheel                     0.38.4          py310h06a4308_0  
xarray                    2023.6.0           pyhd8ed1ab_0    conda-forge
xesmf                     0.3.0                      py_0    conda-forge
xorg-libxau               1.0.11               hd590300_0    conda-forge
xorg-libxdmcp             1.1.3                h7f98852_0    conda-forge
xyzservices               2023.5.0           pyhd8ed1ab_1    conda-forge
xz                        5.2.6                h166bdaf_0    conda-forge
yaml                      0.2.5                h7f98852_2    conda-forge
zict                      3.0.0              pyhd8ed1ab_0    conda-forge
zipp                      3.15.0             pyhd8ed1ab_0    conda-forge
zlib                      1.2.13               hd590300_5    conda-forge
zstandard                 0.19.0          py310h1275a96_2    conda-forge
zstd                      1.5.2                h3eb15da_6    conda-forge
